[2025-11-25T15:56:01.768Z] INFO  envie2sortir-api: CSRF token generated | Context: {"sessionId":"dev-sess...","responseTime":2,"requestId":"unknown","ipAddress":"::1"} | Request: unknown
[2025-11-25T15:56:31.324Z] INFO  envie2sortir-api: Successful login | Context: {"email":"lapieceuniquedijon21@exemple.com","responseTime":491,"requestId":"unknown","ipAddress":"::1"} | Request: unknown
[2025-11-25T15:56:32.171Z] INFO  envie2sortir-api: CSRF token generated | Context: {"sessionId":"dev-sess...","responseTime":1,"requestId":"unknown","ipAddress":"::1"} | Request: unknown
[2025-11-25T16:00:00.442Z] INFO  envie2sortir-api: CSRF token generated | Context: {"sessionId":"dev-sess...","responseTime":1,"requestId":"unknown","ipAddress":"::1"} | Request: unknown
[2025-11-25T16:00:04.183Z] INFO  envie2sortir-api: CSRF token generated | Context: {"sessionId":"dev-sess...","responseTime":1,"requestId":"unknown","ipAddress":"::1"} | Request: unknown
[2025-11-25T16:00:21.743Z] INFO  envie2sortir-api: CSRF token generated | Context: {"sessionId":"dev-sess...","responseTime":0,"requestId":"unknown","ipAddress":"::1"} | Request: unknown
[2025-11-25T16:00:46.654Z] INFO  envie2sortir-api: Successful login | Context: {"email":"lapieceuniquedijon21@exemple.com","responseTime":566,"requestId":"unknown","ipAddress":"::1"} | Request: unknown
[2025-11-25T16:00:47.489Z] INFO  envie2sortir-api: CSRF token generated | Context: {"sessionId":"dev-sess...","responseTime":1,"requestId":"unknown","ipAddress":"::1"} | Request: unknown
[2025-11-25T16:03:32.346Z] INFO  envie2sortir-api: CSRF token generated | Context: {"sessionId":"dev-sess...","responseTime":1,"requestId":"unknown","ipAddress":"::1"} | Request: unknown
[2025-11-25T16:04:19.777Z] INFO  envie2sortir-api: CSRF token generated | Context: {"sessionId":"dev-sess...","responseTime":1,"requestId":"unknown","ipAddress":"::1"} | Request: unknown
[2025-11-25T16:04:40.356Z] INFO  envie2sortir-api: Successful login | Context: {"email":"lapieceuniquedijon21@exemple.com","responseTime":453,"requestId":"unknown","ipAddress":"::1"} | Request: unknown
[2025-11-25T16:04:47.622Z] INFO  envie2sortir-api: Successful login | Context: {"email":"lapieceuniquedijon21@exemple.com","responseTime":427,"requestId":"unknown","ipAddress":"::1"} | Request: unknown
[2025-11-25T16:04:48.444Z] INFO  envie2sortir-api: CSRF token generated | Context: {"sessionId":"dev-sess...","responseTime":0,"requestId":"unknown","ipAddress":"::1"} | Request: unknown
[2025-11-25T16:08:31.328Z] INFO  envie2sortir-api: Image uploaded successfully | Context: {"establishmentId":"26b61aa6-5b9e-457f-bd8b-be54c179d9fe","imageId":"2f4d0fb0-97b1-49a4-ac30-98e0c53866bb","fileName":"1764086910387_r9l59omcy7_hero.webp","fileSize":127649,"fileType":"image/jpeg","responseTime":1168,"requestId":"unknown","ipAddress":"::1"} | Request: unknown
[2025-11-25T16:08:32.442Z] INFO  envie2sortir-api: Image uploaded successfully | Context: {"establishmentId":"26b61aa6-5b9e-457f-bd8b-be54c179d9fe","imageId":"7481c8ca-ee0d-4816-b4e2-8de67a37826d","fileName":"1764086911844_8xn8igt4u8t_hero.webp","fileSize":204726,"fileType":"image/jpeg","responseTime":727,"requestId":"unknown","ipAddress":"::1"} | Request: unknown
[2025-11-25T16:08:33.800Z] INFO  envie2sortir-api: Image uploaded successfully | Context: {"establishmentId":"26b61aa6-5b9e-457f-bd8b-be54c179d9fe","imageId":"abecbb83-cab5-43f9-b39a-a8d4ab870714","fileName":"1764086912953_wpgckp2mxda_hero.webp","fileSize":132120,"fileType":"image/jpeg","responseTime":992,"requestId":"unknown","ipAddress":"::1"} | Request: unknown
[2025-11-25T16:08:34.980Z] INFO  envie2sortir-api: Image uploaded successfully | Context: {"establishmentId":"26b61aa6-5b9e-457f-bd8b-be54c179d9fe","imageId":"005c130a-dc6a-4c4c-b684-eb6b8e03fc55","fileName":"1764086914347_awkti0n94f_hero.webp","fileSize":90174,"fileType":"image/jpeg","responseTime":782,"requestId":"unknown","ipAddress":"::1"} | Request: unknown
[2025-11-25T16:09:52.240Z] INFO  envie2sortir-api: Image uploaded successfully | Context: {"establishmentId":"26b61aa6-5b9e-457f-bd8b-be54c179d9fe","imageId":"2bab58df-30a3-4dbd-a2a2-f0e236328a91","fileName":"1764086991538_30ic8xhi3ip_hero.webp","fileSize":3452,"fileType":"image/jpeg","responseTime":952,"requestId":"unknown","ipAddress":"::1"} | Request: unknown
[2025-11-25T16:09:53.578Z] INFO  envie2sortir-api: Image uploaded successfully | Context: {"establishmentId":"26b61aa6-5b9e-457f-bd8b-be54c179d9fe","imageId":"567b7574-3854-4271-ad46-334d286f4135","fileName":"1764086992836_jcf3vumia0j_hero.webp","fileSize":218168,"fileType":"image/webp","responseTime":892,"requestId":"unknown","ipAddress":"::1"} | Request: unknown
[2025-11-25T16:10:22.096Z] INFO  envie2sortir-api: Image uploaded successfully | Context: {"establishmentId":"26b61aa6-5b9e-457f-bd8b-be54c179d9fe","imageId":"c2ee6137-7e77-4c33-9d5a-44213626359e","fileName":"1764087021463_rprm3xg7ht_hero.webp","fileSize":109376,"fileType":"image/webp","responseTime":857,"requestId":"unknown","ipAddress":"::1"} | Request: unknown
[2025-11-25T16:15:36.617Z] INFO  envie2sortir-api: Event image uploaded successfully | Context: {"establishmentId":"26b61aa6-5b9e-457f-bd8b-be54c179d9fe","fileName":"1764087336024_9hakboanl5.webp","fileSize":223896,"fileType":"image/webp","responseTime":2297,"requestId":"unknown","ipAddress":"::1"} | Request: unknown
[2025-11-25T16:15:51.587Z] INFO  envie2sortir-api: CSRF token generated | Context: {"sessionId":"dev-sess...","responseTime":2,"requestId":"unknown","ipAddress":"::1"} | Request: unknown
[2025-11-25T16:18:59.069Z] INFO  envie2sortir-api: CSRF token generated | Context: {"sessionId":"dev-sess...","responseTime":1,"requestId":"unknown","ipAddress":"::1"} | Request: unknown
[2025-11-25T16:19:33.572Z] WARN  envie2sortir-api: Failed login attempt | Context: {"email":"lucas.fontaine@testmail.com","error":"Invalid login credentials","ipAddress":"::1","requestId":"unknown"} | Request: unknown
[2025-11-25T16:22:31.311Z] WARN  envie2sortir-api: Failed login attempt | Context: {"email":"reparephone.21@gmail.com","error":"Invalid login credentials","ipAddress":"::1","requestId":"unknown"} | Request: unknown
[2025-11-25T16:24:02.861Z] WARN  envie2sortir-api: Failed login attempt | Context: {"email":"reparephone.21@gmail.com","error":"Invalid login credentials","ipAddress":"::1","requestId":"unknown"} | Request: unknown
[2025-11-25T16:26:03.695Z] INFO  envie2sortir-api: Successful login | Context: {"email":"lapieceuniquedijon21@exemple.com","responseTime":1540,"requestId":"unknown","ipAddress":"::1"} | Request: unknown
[2025-11-25T16:26:05.355Z] INFO  envie2sortir-api: CSRF token generated | Context: {"sessionId":"dev-sess...","responseTime":1,"requestId":"unknown","ipAddress":"::1"} | Request: unknown
[2025-11-25T16:28:13.804Z] INFO  envie2sortir-api: CSRF token generated | Context: {"sessionId":"dev-sess...","responseTime":1,"requestId":"unknown","ipAddress":"::1"} | Request: unknown
[2025-11-25T18:05:52.316Z] INFO  envie2sortir-api: CSRF token generated | Context: {"sessionId":"dev-sess...","responseTime":1,"requestId":"unknown","ipAddress":"::1"} | Request: unknown
