[2025-10-29T07:49:04.161Z] INFO  envie2sortir-api: CSRF token generated | Context: {"sessionId":"dev-sess...","responseTime":12,"requestId":"unknown","ipAddress":"::1"} | Request: unknown
[2025-10-29T07:49:13.535Z] INFO  envie2sortir-api: CSRF token generated | Context: {"sessionId":"dev-sess...","responseTime":8,"requestId":"unknown","ipAddress":"::1"} | Request: unknown
[2025-10-29T07:50:18.341Z] INFO  envie2sortir-api: CSRF token generated | Context: {"sessionId":"dev-sess...","responseTime":8,"requestId":"unknown","ipAddress":"::1"} | Request: unknown
[2025-10-29T08:30:41.662Z] INFO  envie2sortir-api: Image uploaded successfully | Context: {"establishmentId":"cmhbq6axn00038zyz8cw6whdg","imageId":"cmhbqk0l000178zyziebjuw8r","fileName":"1761726641506_dlcmsy6y9e7_hero.webp","fileSize":194391,"fileType":"image/jpeg","responseTime":178,"requestId":"unknown","ipAddress":"::1"} | Request: unknown
[2025-10-29T08:30:41.801Z] INFO  envie2sortir-api: Image uploaded successfully | Context: {"establishmentId":"cmhbq6axn00038zyz8cw6whdg","imageId":"cmhbqk0p300198zyz2vp3mxuh","fileName":"1761726641672_qqn9dtvuzw_hero.webp","fileSize":124619,"fileType":"image/jpeg","responseTime":131,"requestId":"unknown","ipAddress":"::1"} | Request: unknown
[2025-10-29T08:30:41.934Z] INFO  envie2sortir-api: Image uploaded successfully | Context: {"establishmentId":"cmhbq6axn00038zyz8cw6whdg","imageId":"cmhbqk0ss001b8zyzm3fk780o","fileName":"1761726641808_ejcy60iaigj_hero.webp","fileSize":114693,"fileType":"image/jpeg","responseTime":127,"requestId":"unknown","ipAddress":"::1"} | Request: unknown
[2025-10-29T08:30:42.035Z] INFO  envie2sortir-api: Image uploaded successfully | Context: {"establishmentId":"cmhbq6axn00038zyz8cw6whdg","imageId":"cmhbqk0vj001d8zyzwopbgg1i","fileName":"1761726641946_4i0xgr9ogwm_hero.webp","fileSize":48665,"fileType":"image/png","responseTime":90,"requestId":"unknown","ipAddress":"::1"} | Request: unknown
[2025-10-29T08:30:42.131Z] INFO  envie2sortir-api: Image uploaded successfully | Context: {"establishmentId":"cmhbq6axn00038zyz8cw6whdg","imageId":"cmhbqk0y8001f8zyzst1nlb21","fileName":"1761726642043_ygwq396vsyd_hero.webp","fileSize":40799,"fileType":"image/png","responseTime":89,"requestId":"unknown","ipAddress":"::1"} | Request: unknown
[2025-10-29T08:44:01.499Z] INFO  envie2sortir-api: Event image uploaded successfully | Context: {"establishmentId":"cmhbq6axn00038zyz8cw6whdg","fileName":"1761727441490_lqd84r1x3w8.png","fileSize":3105411,"fileType":"image/png","responseTime":100,"requestId":"unknown","ipAddress":"::1"} | Request: unknown
[2025-10-29T08:56:55.007Z] INFO  envie2sortir-api: CSRF token generated | Context: {"sessionId":"dev-sess...","responseTime":1,"requestId":"unknown","ipAddress":"::1"} | Request: unknown
[2025-10-29T08:57:03.203Z] INFO  envie2sortir-api: CSRF token generated | Context: {"sessionId":"dev-sess...","responseTime":1,"requestId":"unknown","ipAddress":"::1"} | Request: unknown
[2025-10-29T09:00:24.054Z] INFO  envie2sortir-api: CSRF token generated | Context: {"sessionId":"dev-sess...","responseTime":1,"requestId":"unknown","ipAddress":"::1"} | Request: unknown
[2025-10-29T09:00:46.989Z] INFO  envie2sortir-api: CSRF token generated | Context: {"sessionId":"dev-sess...","responseTime":1,"requestId":"unknown","ipAddress":"::1"} | Request: unknown
[2025-10-29T09:01:42.392Z] INFO  envie2sortir-api: CSRF token generated | Context: {"sessionId":"dev-sess...","responseTime":0,"requestId":"unknown","ipAddress":"::1"} | Request: unknown
[2025-10-29T09:39:08.964Z] INFO  envie2sortir-api: CSRF token generated | Context: {"sessionId":"dev-sess...","responseTime":4,"requestId":"unknown","ipAddress":"::1"} | Request: unknown
[2025-10-29T09:43:36.466Z] INFO  envie2sortir-api: CSRF token generated | Context: {"sessionId":"dev-sess...","responseTime":3,"requestId":"unknown","ipAddress":"::1"} | Request: unknown
[2025-10-29T09:44:36.666Z] INFO  envie2sortir-api: Successful registration | Context: {"email":"pierre.martin@exemple.com","responseTime":306,"requestId":"unknown","ipAddress":"::1"} | Request: unknown
[2025-10-29T09:48:52.998Z] INFO  envie2sortir-api: CSRF token generated | Context: {"sessionId":"dev-sess...","responseTime":2,"requestId":"unknown","ipAddress":"::1"} | Request: unknown
[2025-10-29T09:49:37.100Z] INFO  envie2sortir-api: CSRF token generated | Context: {"sessionId":"dev-sess...","responseTime":4,"requestId":"unknown","ipAddress":"::1"} | Request: unknown
[2025-10-29T09:58:14.714Z] INFO  envie2sortir-api: CSRF token generated | Context: {"sessionId":"dev-sess...","responseTime":0,"requestId":"unknown","ipAddress":"::1"} | Request: unknown
[2025-10-29T10:55:38.754Z] INFO  envie2sortir-api: CSRF token generated | Context: {"sessionId":"dev-sess...","responseTime":1,"requestId":"unknown","ipAddress":"::1"} | Request: unknown
[2025-10-29T10:57:00.446Z] INFO  envie2sortir-api: CSRF token generated | Context: {"sessionId":"dev-sess...","responseTime":2,"requestId":"unknown","ipAddress":"::1"} | Request: unknown
[2025-10-29T10:59:49.691Z] INFO  envie2sortir-api: CSRF token generated | Context: {"sessionId":"dev-sess...","responseTime":1,"requestId":"unknown","ipAddress":"::1"} | Request: unknown
[2025-10-29T10:59:58.835Z] INFO  envie2sortir-api: CSRF token generated | Context: {"sessionId":"dev-sess...","responseTime":0,"requestId":"unknown","ipAddress":"::1"} | Request: unknown
[2025-10-29T11:00:57.024Z] INFO  envie2sortir-api: Successful registration | Context: {"email":"camille.bernard@exemple.com","responseTime":304,"requestId":"unknown","ipAddress":"::1"} | Request: unknown
[2025-10-29T11:00:57.480Z] INFO  envie2sortir-api: CSRF token generated | Context: {"sessionId":"dev-sess...","responseTime":1,"requestId":"unknown","ipAddress":"::1"} | Request: unknown
[2025-10-29T11:01:17.675Z] INFO  envie2sortir-api: CSRF token generated | Context: {"sessionId":"dev-sess...","responseTime":0,"requestId":"unknown","ipAddress":"::1"} | Request: unknown
[2025-10-29T11:02:55.903Z] INFO  envie2sortir-api: CSRF token generated | Context: {"sessionId":"dev-sess...","responseTime":0,"requestId":"unknown","ipAddress":"::1"} | Request: unknown
[2025-10-29T11:03:32.473Z] INFO  envie2sortir-api: Successful registration | Context: {"email":"lucas.thomas@exemple.com","responseTime":284,"requestId":"unknown","ipAddress":"::1"} | Request: unknown
[2025-10-29T11:03:32.855Z] INFO  envie2sortir-api: CSRF token generated | Context: {"sessionId":"dev-sess...","responseTime":0,"requestId":"unknown","ipAddress":"::1"} | Request: unknown
[2025-10-29T11:05:16.372Z] INFO  envie2sortir-api: CSRF token generated | Context: {"sessionId":"dev-sess...","responseTime":0,"requestId":"unknown","ipAddress":"::1"} | Request: unknown
[2025-10-29T11:07:51.995Z] INFO  envie2sortir-api: CSRF token generated | Context: {"sessionId":"dev-sess...","responseTime":0,"requestId":"unknown","ipAddress":"::1"} | Request: unknown
[2025-10-29T11:09:44.332Z] INFO  envie2sortir-api: CSRF token generated | Context: {"sessionId":"dev-sess...","responseTime":0,"requestId":"unknown","ipAddress":"::1"} | Request: unknown
[2025-10-29T11:10:26.745Z] INFO  envie2sortir-api: Successful registration | Context: {"email":"lea.petit@exemple.com","responseTime":283,"requestId":"unknown","ipAddress":"::1"} | Request: unknown
[2025-10-29T11:10:27.201Z] INFO  envie2sortir-api: CSRF token generated | Context: {"sessionId":"dev-sess...","responseTime":1,"requestId":"unknown","ipAddress":"::1"} | Request: unknown
[2025-10-29T11:12:30.103Z] INFO  envie2sortir-api: CSRF token generated | Context: {"sessionId":"dev-sess...","responseTime":0,"requestId":"unknown","ipAddress":"::1"} | Request: unknown
[2025-10-29T11:15:01.332Z] INFO  envie2sortir-api: CSRF token generated | Context: {"sessionId":"dev-sess...","responseTime":1,"requestId":"unknown","ipAddress":"::1"} | Request: unknown
[2025-10-29T11:18:18.449Z] INFO  envie2sortir-api: CSRF token generated | Context: {"sessionId":"dev-sess...","responseTime":0,"requestId":"unknown","ipAddress":"::1"} | Request: unknown
[2025-10-29T11:18:44.201Z] INFO  envie2sortir-api: CSRF token generated | Context: {"sessionId":"dev-sess...","responseTime":1,"requestId":"unknown","ipAddress":"::1"} | Request: unknown
[2025-10-29T11:18:54.882Z] INFO  envie2sortir-api: CSRF token generated | Context: {"sessionId":"dev-sess...","responseTime":1,"requestId":"unknown","ipAddress":"::1"} | Request: unknown
[2025-10-29T11:19:45.956Z] INFO  envie2sortir-api: Successful registration | Context: {"email":"hugo.robert@exemple.com","responseTime":272,"requestId":"unknown","ipAddress":"::1"} | Request: unknown
[2025-10-29T11:19:46.398Z] INFO  envie2sortir-api: CSRF token generated | Context: {"sessionId":"dev-sess...","responseTime":0,"requestId":"unknown","ipAddress":"::1"} | Request: unknown
[2025-10-29T11:32:56.879Z] INFO  envie2sortir-api: CSRF token generated | Context: {"sessionId":"dev-sess...","responseTime":0,"requestId":"unknown","ipAddress":"::1"} | Request: unknown
[2025-10-29T11:35:24.872Z] INFO  envie2sortir-api: CSRF token generated | Context: {"sessionId":"dev-sess...","responseTime":1,"requestId":"unknown","ipAddress":"::1"} | Request: unknown
[2025-10-29T11:42:27.008Z] INFO  envie2sortir-api: CSRF token generated | Context: {"sessionId":"dev-sess...","responseTime":1,"requestId":"unknown","ipAddress":"::1"} | Request: unknown
[2025-10-29T11:42:31.853Z] INFO  envie2sortir-api: CSRF token generated | Context: {"sessionId":"dev-sess...","responseTime":1,"requestId":"unknown","ipAddress":"::1"} | Request: unknown
[2025-10-29T11:42:53.298Z] INFO  envie2sortir-api: CSRF token generated | Context: {"sessionId":"dev-sess...","responseTime":1,"requestId":"unknown","ipAddress":"::1"} | Request: unknown
