[2025-10-28T08:33:47.456Z] INFO  envie2sortir-api: CSRF token generated | Context: {"sessionId":"dev-sess...","responseTime":3,"requestId":"unknown","ipAddress":"::1"} | Request: unknown
[2025-10-28T09:34:30.287Z] INFO  envie2sortir-api: CSRF token generated | Context: {"sessionId":"dev-sess...","responseTime":18,"requestId":"unknown","ipAddress":"::1"} | Request: unknown
[2025-10-28T09:34:39.416Z] INFO  envie2sortir-api: CSRF token generated | Context: {"sessionId":"dev-sess...","responseTime":1,"requestId":"unknown","ipAddress":"::1"} | Request: unknown
[2025-10-28T09:53:14.726Z] INFO  envie2sortir-api: CSRF token generated | Context: {"sessionId":"dev-sess...","responseTime":3,"requestId":"unknown","ipAddress":"::1"} | Request: unknown
[2025-10-28T09:54:57.878Z] INFO  envie2sortir-api: CSRF token generated | Context: {"sessionId":"dev-sess...","responseTime":1,"requestId":"unknown","ipAddress":"::1"} | Request: unknown
[2025-10-28T09:55:03.531Z] INFO  envie2sortir-api: CSRF token generated | Context: {"sessionId":"dev-sess...","responseTime":1,"requestId":"unknown","ipAddress":"::1"} | Request: unknown
[2025-10-28T15:19:11.294Z] INFO  envie2sortir-api: CSRF token generated | Context: {"sessionId":"dev-sess...","responseTime":8,"requestId":"unknown","ipAddress":"::1"} | Request: unknown
[2025-10-28T16:05:19.732Z] INFO  envie2sortir-api: CSRF token generated | Context: {"sessionId":"dev-sess...","responseTime":7,"requestId":"unknown","ipAddress":"::1"} | Request: unknown
[2025-10-28T16:06:12.338Z] INFO  envie2sortir-api: CSRF token generated | Context: {"sessionId":"dev-sess...","responseTime":1,"requestId":"unknown","ipAddress":"::1"} | Request: unknown
[2025-10-28T16:38:11.962Z] INFO  envie2sortir-api: CSRF token generated | Context: {"sessionId":"dev-sess...","responseTime":3,"requestId":"unknown","ipAddress":"::1"} | Request: unknown
[2025-10-28T17:38:10.245Z] INFO  envie2sortir-api: CSRF token generated | Context: {"sessionId":"dev-sess...","responseTime":11,"requestId":"unknown","ipAddress":"::1"} | Request: unknown
[2025-10-28T17:45:13.574Z] INFO  envie2sortir-api: CSRF token generated | Context: {"sessionId":"dev-sess...","responseTime":1,"requestId":"unknown","ipAddress":"::1"} | Request: unknown
[2025-10-28T18:03:48.542Z] INFO  envie2sortir-api: CSRF token generated | Context: {"sessionId":"dev-sess...","responseTime":0,"requestId":"unknown","ipAddress":"::1"} | Request: unknown
[2025-10-28T18:05:14.080Z] INFO  envie2sortir-api: Image uploaded successfully | Context: {"establishmentId":"cmhavkn9p00078znzcvcgef7b","imageId":"cmhavn10500288znzg89trxpt","fileName":"1761674713883_u7coedqg78i_hero.webp","fileSize":163272,"fileType":"image/webp","responseTime":209,"requestId":"unknown","ipAddress":"::1"} | Request: unknown
[2025-10-28T18:05:14.235Z] INFO  envie2sortir-api: Image uploaded successfully | Context: {"establishmentId":"cmhavkn9p00078znzcvcgef7b","imageId":"cmhavn14p002a8znzx5mqyk1w","fileName":"1761674714099_y61ak8hm86m_hero.webp","fileSize":134028,"fileType":"image/webp","responseTime":142,"requestId":"unknown","ipAddress":"::1"} | Request: unknown
[2025-10-28T18:05:14.394Z] INFO  envie2sortir-api: Image uploaded successfully | Context: {"establishmentId":"cmhavkn9p00078znzcvcgef7b","imageId":"cmhavn194002c8znz5k59yubq","fileName":"1761674714242_co16sxi5dbo_hero.webp","fileSize":153504,"fileType":"image/webp","responseTime":154,"requestId":"unknown","ipAddress":"::1"} | Request: unknown
[2025-10-28T18:05:14.543Z] INFO  envie2sortir-api: Image uploaded successfully | Context: {"establishmentId":"cmhavkn9p00078znzcvcgef7b","imageId":"cmhavn1d9002e8znzkxqyrnv4","fileName":"1761674714405_7v6ygxto7vb_hero.webp","fileSize":217416,"fileType":"image/webp","responseTime":140,"requestId":"unknown","ipAddress":"::1"} | Request: unknown
[2025-10-28T18:05:14.658Z] INFO  envie2sortir-api: Image uploaded successfully | Context: {"establishmentId":"cmhavkn9p00078znzcvcgef7b","imageId":"cmhavn1gg002g8znzd3oih07s","fileName":"1761674714551_novzxkorfre_hero.webp","fileSize":15240,"fileType":"image/jpeg","responseTime":108,"requestId":"unknown","ipAddress":"::1"} | Request: unknown
[2025-10-28T18:06:23.368Z] INFO  envie2sortir-api: Image uploaded successfully | Context: {"establishmentId":"cmhavkn9p00078znzcvcgef7b","imageId":"cmhavoih1002i8znz5g36lti0","fileName":"1761674783229_k7uxw5g2wrk_hero.webp","fileSize":199866,"fileType":"image/jpeg","responseTime":142,"requestId":"unknown","ipAddress":"::1"} | Request: unknown
[2025-10-28T18:07:14.047Z] INFO  envie2sortir-api: Image uploaded successfully | Context: {"establishmentId":"cmhavkn9p00078znzcvcgef7b","imageId":"cmhavplkp002k8znz0u2ckym4","fileName":"1761674833874_kiuovblkdn_hero.webp","fileSize":176548,"fileType":"image/webp","responseTime":182,"requestId":"unknown","ipAddress":"::1"} | Request: unknown
[2025-10-28T18:21:20.681Z] INFO  envie2sortir-api: Event image uploaded successfully | Context: {"establishmentId":"cmhavkn9p00078znzcvcgef7b","fileName":"1761675680674_6rbd43shsns.png","fileSize":2537487,"fileType":"image/png","responseTime":91,"requestId":"unknown","ipAddress":"::1"} | Request: unknown
[2025-10-28T18:21:48.133Z] INFO  envie2sortir-api: CSRF token generated | Context: {"sessionId":"dev-sess...","responseTime":1,"requestId":"unknown","ipAddress":"::1"} | Request: unknown
[2025-10-28T18:21:56.616Z] INFO  envie2sortir-api: CSRF token generated | Context: {"sessionId":"dev-sess...","responseTime":0,"requestId":"unknown","ipAddress":"::1"} | Request: unknown
[2025-10-28T18:38:01.734Z] INFO  envie2sortir-api: CSRF token generated | Context: {"sessionId":"dev-sess...","responseTime":5,"requestId":"unknown","ipAddress":"::1"} | Request: unknown
