[2025-12-03T13:09:38.175Z] INFO  envie2sortir-api: CSRF token generated | Context: {"sessionId":"dev-sess...","responseTime":2,"requestId":"unknown","ipAddress":"::1"} | Request: unknown
[2025-12-03T13:21:47.332Z] INFO  envie2sortir-api: CSRF token generated | Context: {"sessionId":"dev-sess...","responseTime":3,"requestId":"unknown","ipAddress":"::1"} | Request: unknown
[2025-12-03T13:22:39.981Z] INFO  envie2sortir-api: CSRF token generated | Context: {"sessionId":"dev-sess...","responseTime":1,"requestId":"unknown","ipAddress":"::1"} | Request: unknown
[2025-12-03T13:23:47.690Z] INFO  envie2sortir-api: Successful login | Context: {"email":"envie2sortir.fr@gmail.com","responseTime":268,"requestId":"unknown","ipAddress":"::1"} | Request: unknown
[2025-12-03T13:23:47.879Z] INFO  envie2sortir-api: CSRF token generated | Context: {"sessionId":"dev-sess...","responseTime":0,"requestId":"unknown","ipAddress":"::1"} | Request: unknown
[2025-12-03T13:26:16.276Z] INFO  envie2sortir-api: CSRF token generated | Context: {"sessionId":"dev-sess...","responseTime":4,"requestId":"unknown","ipAddress":"::1"} | Request: unknown
[2025-12-03T13:27:17.468Z] INFO  envie2sortir-api: CSRF token generated | Context: {"sessionId":"dev-sess...","responseTime":1,"requestId":"unknown","ipAddress":"::1"} | Request: unknown
[2025-12-03T13:27:25.182Z] INFO  envie2sortir-api: Successful login | Context: {"email":"envie2sortir.fr@gmail.com","responseTime":195,"requestId":"unknown","ipAddress":"::1"} | Request: unknown
[2025-12-03T13:27:25.328Z] INFO  envie2sortir-api: CSRF token generated | Context: {"sessionId":"dev-sess...","responseTime":0,"requestId":"unknown","ipAddress":"::1"} | Request: unknown
[2025-12-03T13:34:48.342Z] INFO  envie2sortir-api: CSRF token generated | Context: {"sessionId":"dev-sess...","responseTime":1,"requestId":"unknown","ipAddress":"::1"} | Request: unknown
[2025-12-03T13:45:57.354Z] INFO  envie2sortir-api: CSRF token generated | Context: {"sessionId":"dev-sess...","responseTime":1,"requestId":"unknown","ipAddress":"::1"} | Request: unknown
[2025-12-03T13:49:30.110Z] INFO  envie2sortir-api: CSRF token generated | Context: {"sessionId":"dev-sess...","responseTime":4,"requestId":"unknown","ipAddress":"::1"} | Request: unknown
[2025-12-03T13:58:19.149Z] INFO  envie2sortir-api: CSRF token generated | Context: {"sessionId":"dev-sess...","responseTime":2,"requestId":"unknown","ipAddress":"::1"} | Request: unknown
[2025-12-03T14:08:17.144Z] INFO  envie2sortir-api: CSRF token generated | Context: {"sessionId":"dev-sess...","responseTime":3,"requestId":"unknown","ipAddress":"::1"} | Request: unknown
[2025-12-03T14:09:33.014Z] INFO  envie2sortir-api: CSRF token generated | Context: {"sessionId":"dev-sess...","responseTime":1,"requestId":"unknown","ipAddress":"::1"} | Request: unknown
[2025-12-03T14:16:39.733Z] INFO  envie2sortir-api: CSRF token generated | Context: {"sessionId":"dev-sess...","responseTime":1,"requestId":"unknown","ipAddress":"::1"} | Request: unknown
[2025-12-03T14:21:04.271Z] INFO  envie2sortir-api: CSRF token generated | Context: {"sessionId":"dev-sess...","responseTime":3,"requestId":"unknown","ipAddress":"::1"} | Request: unknown
[2025-12-03T14:41:14.288Z] INFO  envie2sortir-api: CSRF token generated | Context: {"sessionId":"dev-sess...","responseTime":8,"requestId":"unknown","ipAddress":"::1"} | Request: unknown
[2025-12-03T14:41:33.617Z] INFO  envie2sortir-api: CSRF token generated | Context: {"sessionId":"dev-sess...","responseTime":1,"requestId":"unknown","ipAddress":"::1"} | Request: unknown
[2025-12-03T14:46:02.729Z] INFO  envie2sortir-api: CSRF token generated | Context: {"sessionId":"dev-sess...","responseTime":19,"requestId":"unknown","ipAddress":"::1"} | Request: unknown
[2025-12-03T14:46:55.643Z] INFO  envie2sortir-api: CSRF token generated | Context: {"sessionId":"dev-sess...","responseTime":42,"requestId":"unknown","ipAddress":"::1"} | Request: unknown
[2025-12-03T14:47:17.798Z] INFO  envie2sortir-api: CSRF token generated | Context: {"sessionId":"dev-sess...","responseTime":0,"requestId":"unknown","ipAddress":"::1"} | Request: unknown
[2025-12-03T15:47:23.549Z] INFO  envie2sortir-api: Successful login | Context: {"email":"sophie.lemaire@testmail.com","responseTime":636,"requestId":"unknown","ipAddress":"::1"} | Request: unknown
[2025-12-03T15:48:11.993Z] INFO  envie2sortir-api: CSRF token generated | Context: {"sessionId":"dev-sess...","responseTime":2,"requestId":"unknown","ipAddress":"::1"} | Request: unknown
[2025-12-03T15:49:56.640Z] INFO  envie2sortir-api: Image uploaded successfully | Context: {"establishmentId":"6f202457-9ea4-4f6e-b0a5-62b238d6cb3a","imageId":"48580fb3-85c5-4854-8ba3-87a1ba7f5799","fileName":"1764776995660_yvkqy4elyv_hero.webp","fileSize":224570,"fileType":"image/jpeg","responseTime":1245,"requestId":"unknown","ipAddress":"::1"} | Request: unknown
[2025-12-03T15:49:58.033Z] INFO  envie2sortir-api: Image uploaded successfully | Context: {"establishmentId":"6f202457-9ea4-4f6e-b0a5-62b238d6cb3a","imageId":"0cf7c790-cacf-44e0-8e2c-0fba374c386e","fileName":"1764776997306_gac3lo9ldot_hero.webp","fileSize":275373,"fileType":"image/jpeg","responseTime":861,"requestId":"unknown","ipAddress":"::1"} | Request: unknown
[2025-12-03T15:49:59.478Z] INFO  envie2sortir-api: Image uploaded successfully | Context: {"establishmentId":"6f202457-9ea4-4f6e-b0a5-62b238d6cb3a","imageId":"8bd6ebf2-349e-4b72-ab91-6ae5135f9152","fileName":"1764776998649_uxcvgkpb71j_hero.webp","fileSize":198336,"fileType":"image/webp","responseTime":969,"requestId":"unknown","ipAddress":"::1"} | Request: unknown
[2025-12-03T15:50:00.834Z] INFO  envie2sortir-api: Image uploaded successfully | Context: {"establishmentId":"6f202457-9ea4-4f6e-b0a5-62b238d6cb3a","imageId":"2aada797-ee28-44fb-8c59-806615fb8b34","fileName":"1764777000032_141hjkw7eblj_hero.webp","fileSize":222072,"fileType":"image/jpeg","responseTime":940,"requestId":"unknown","ipAddress":"::1"} | Request: unknown
[2025-12-03T15:50:02.342Z] INFO  envie2sortir-api: Image uploaded successfully | Context: {"establishmentId":"6f202457-9ea4-4f6e-b0a5-62b238d6cb3a","imageId":"1b78e2c5-c7df-4dbd-9491-03907b057d28","fileName":"1764777001553_b85jbzjgvcb_hero.webp","fileSize":134856,"fileType":"image/jpeg","responseTime":930,"requestId":"unknown","ipAddress":"::1"} | Request: unknown
[2025-12-03T15:51:26.987Z] INFO  envie2sortir-api: Event image uploaded successfully | Context: {"establishmentId":"6f202457-9ea4-4f6e-b0a5-62b238d6cb3a","fileName":"1764777086332_b14qdvmutnb.png","fileSize":2076368,"fileType":"image/png","responseTime":1225,"requestId":"unknown","ipAddress":"::1"} | Request: unknown
[2025-12-03T15:51:42.825Z] INFO  envie2sortir-api: CSRF token generated | Context: {"sessionId":"dev-sess...","responseTime":3,"requestId":"unknown","ipAddress":"::1"} | Request: unknown
[2025-12-03T15:51:51.272Z] INFO  envie2sortir-api: Successful login | Context: {"email":"envie2sortir.fr@gmail.com","responseTime":203,"requestId":"unknown","ipAddress":"::1"} | Request: unknown
[2025-12-03T15:51:51.402Z] INFO  envie2sortir-api: CSRF token generated | Context: {"sessionId":"dev-sess...","responseTime":0,"requestId":"unknown","ipAddress":"::1"} | Request: unknown
[2025-12-03T15:52:46.076Z] INFO  envie2sortir-api: CSRF token generated | Context: {"sessionId":"dev-sess...","responseTime":1,"requestId":"unknown","ipAddress":"::1"} | Request: unknown
[2025-12-03T15:53:51.895Z] INFO  envie2sortir-api: CSRF token generated | Context: {"sessionId":"dev-sess...","responseTime":0,"requestId":"unknown","ipAddress":"::1"} | Request: unknown
[2025-12-03T16:05:17.930Z] INFO  envie2sortir-api: Successful login | Context: {"email":"sophie.lemaire@testmail.com","responseTime":698,"requestId":"unknown","ipAddress":"::1"} | Request: unknown
[2025-12-03T16:05:18.990Z] INFO  envie2sortir-api: CSRF token generated | Context: {"sessionId":"dev-sess...","responseTime":1,"requestId":"unknown","ipAddress":"::1"} | Request: unknown
[2025-12-03T16:07:36.871Z] INFO  envie2sortir-api: CSRF token generated | Context: {"sessionId":"dev-sess...","responseTime":0,"requestId":"unknown","ipAddress":"::1"} | Request: unknown
[2025-12-03T16:08:16.737Z] INFO  envie2sortir-api: Successful login | Context: {"email":"envie2sortir.fr@gmail.com","responseTime":229,"requestId":"unknown","ipAddress":"::1"} | Request: unknown
[2025-12-03T16:08:16.881Z] INFO  envie2sortir-api: CSRF token generated | Context: {"sessionId":"dev-sess...","responseTime":0,"requestId":"unknown","ipAddress":"::1"} | Request: unknown
[2025-12-03T16:16:38.179Z] INFO  envie2sortir-api: CSRF token generated | Context: {"sessionId":"dev-sess...","responseTime":0,"requestId":"unknown","ipAddress":"::1"} | Request: unknown
[2025-12-03T16:17:12.099Z] INFO  envie2sortir-api: CSRF token generated | Context: {"sessionId":"dev-sess...","responseTime":0,"requestId":"unknown","ipAddress":"::1"} | Request: unknown
